<?xml version="1.0" encoding="UTF-8"?>
<!-- Generated by org.testng.reporters.JUnitReportReporter -->
<testsuite hostname="Vira" name="com.gmail.verifications.Index" tests="1" failures="0" timestamp="16 Apr 2014 08:21:41 GMT" time="140.218" errors="0">
  <testcase name="Gmail_login" time="140.218" classname="com.gmail.verifications.Index"/>
</testsuite> <!-- com.gmail.verifications.Index -->
