<?xml version="1.0" encoding="UTF-8"?>
<!-- Generated by org.testng.reporters.JUnitReportReporter -->
<testsuite hostname="Vira" name="com.gmail.verifications.Index" tests="1" failures="0" timestamp="21 Apr 2014 06:51:09 GMT" time="101.455" errors="0">
  <testcase name="Gmail_login" time="101.455" classname="com.gmail.verifications.Index"/>
</testsuite> <!-- com.gmail.verifications.Index -->
