<?xml version="1.0" encoding="UTF-8"?>
<!-- Generated by org.testng.reporters.JUnitReportReporter -->
<testsuite hostname="Vira" name="com.gmail.verifications.Index" tests="1" failures="0" timestamp="21 Apr 2014 07:10:47 GMT" time="86.658" errors="0">
  <testcase name="Gmail_login" time="86.658" classname="com.gmail.verifications.Index"/>
</testsuite> <!-- com.gmail.verifications.Index -->
