<?xml version="1.0" encoding="UTF-8"?>
<!-- Generated by org.testng.reporters.JUnitReportReporter -->
<testsuite hostname="Vira" name="com.gmail.verifications.Index" tests="1" failures="0" timestamp="15 Apr 2014 08:53:31 GMT" time="201.414" errors="0">
  <testcase name="Gmail_login" time="201.414" classname="com.gmail.verifications.Index"/>
</testsuite> <!-- com.gmail.verifications.Index -->
